Build started 3/11/2013 9:05:18 PM.
     1>Project "C:\Users\root\Documents\Visual Studio 2010\Projects\tiger\tiger\tiger.vcxproj" on node 2 (build target(s)).
     1>InitializeBuildStatus:
         Creating "Debug\tiger.unsuccessfulbuild" because "AlwaysCreate" was specified.
       ClCompile:
         D:\Microsoft Visual Studio 10.0\VC\bin\CL.exe /c /ZI /nologo /W3 /WX- /Od /Oy- /D WIN32 /D _DEBUG /D _WINDOWS /D _UNICODE /D UNICODE /Gm /EHsc /RTC1 /MDd /GS /fp:precise /Zc:wchar_t /Zc:forScope /Fo"Debug\\" /Fd"Debug\vc100.pdb" /Gd /TP /analyze- /errorReport:prompt scenemanager.cpp
         scenemanager.cpp
       ManifestResourceCompile:
         All outputs are up-to-date.
       Link:
         D:\Microsoft Visual Studio 10.0\VC\bin\link.exe /ERRORREPORT:PROMPT /OUT:"C:\Users\root\Documents\Visual Studio 2010\Projects\tiger\Debug\tiger.exe" /INCREMENTAL /NOLOGO kernel32.lib user32.lib gdi32.lib winspool.lib comdlg32.lib advapi32.lib shell32.lib ole32.lib oleaut32.lib uuid.lib odbc32.lib odbccp32.lib /MANIFEST /ManifestFile:"Debug\tiger.exe.intermediate.manifest" /MANIFESTUAC:"level='asInvoker' uiAccess='false'" /DEBUG /PDB:"C:\Users\root\Documents\Visual Studio 2010\Projects\tiger\Debug\tiger.pdb" /SUBSYSTEM:WINDOWS /TLBID:1 /DYNAMICBASE /NXCOMPAT /IMPLIB:"C:\Users\root\Documents\Visual Studio 2010\Projects\tiger\Debug\tiger.lib" /MACHINE:X86 Debug\tiger.exe.embed.manifest.res
         Debug\app.obj
         Debug\camera.obj
         Debug\cpumonitor.obj
         Debug\fontshader.obj
         Debug\fpscounter.obj
         Debug\frustum.obj
         Debug\lighting.obj
         Debug\moveable.obj
         Debug\objectlist.obj
         Debug\objloader.obj
         Debug\physicsstate.obj
         Debug\position.obj
         Debug\quadtree.obj
         Debug\shader.obj
         Debug\d3dmanager.obj
         Debug\scenemanager.obj
         Debug\inputmanager.obj
         Debug\main.obj
         Debug\object3d.obj
         Debug\font.obj
         Debug\shadermanager.obj
         Debug\soundmanager.obj
         Debug\terrain.obj
         Debug\terrainshader.obj
         Debug\text.obj
         Debug\texture.obj
         Debug\timer.obj
       Manifest:
         C:\Program Files (x86)\Microsoft SDKs\Windows\v7.0A\bin\mt.exe /nologo /verbose /out:"Debug\tiger.exe.embed.manifest" /manifest Debug\tiger.exe.intermediate.manifest
         All outputs are up-to-date.
       LinkEmbedManifest:
         All outputs are up-to-date.
         tiger.vcxproj -> C:\Users\root\Documents\Visual Studio 2010\Projects\tiger\Debug\tiger.exe
       FinalizeBuildStatus:
         Deleting file "Debug\tiger.unsuccessfulbuild".
         Touching "Debug\tiger.lastbuildstate".
     1>Done Building Project "C:\Users\root\Documents\Visual Studio 2010\Projects\tiger\tiger\tiger.vcxproj" (build target(s)).

Build succeeded.

Time Elapsed 00:00:01.25
